  [1m[36m (4.2ms)[0m  [1mCREATE TABLE "schema_migrations" ("version" character varying(255) NOT NULL) [0m
  [1m[35m (1.7ms)[0m  CREATE UNIQUE INDEX "unique_schema_migrations" ON "schema_migrations" ("version")
  [1m[36mActiveRecord::SchemaMigration Load (0.5ms)[0m  [1mSELECT "schema_migrations".* FROM "schema_migrations"[0m
  [1m[36m (105.9ms)[0m  [1mDROP DATABASE IF EXISTS "tribal_dummy_test"[0m
  [1m[35m (235.5ms)[0m  CREATE DATABASE "tribal_dummy_test" ENCODING = 'unicode'
  [1m[36mSQL (1.1ms)[0m  [1mCREATE EXTENSION IF NOT EXISTS "plpgsql"[0m
  [1m[35m (4.4ms)[0m  CREATE TABLE "schema_migrations" ("version" character varying(255) NOT NULL) 
  [1m[36m (1.8ms)[0m  [1mCREATE UNIQUE INDEX "unique_schema_migrations" ON "schema_migrations" ("version")[0m
  [1m[35m (0.5ms)[0m  SELECT version FROM "schema_migrations"
  [1m[36m (0.6ms)[0m  [1mINSERT INTO "schema_migrations" (version) VALUES ('0')[0m
  [1m[36mActiveRecord::SchemaMigration Load (0.5ms)[0m  [1mSELECT "schema_migrations".* FROM "schema_migrations"[0m
  [1m[36mActiveRecord::SchemaMigration Load (0.5ms)[0m  [1mSELECT "schema_migrations".* FROM "schema_migrations"[0m
Migrating to CreateTribalParties (20140317221544)
  [1m[35m (0.2ms)[0m  BEGIN
  [1m[36m (13.1ms)[0m  [1mCREATE TABLE "tribal_parties" ("id" serial primary key, "party_type_id" integer, "created_at" timestamp, "updated_at" timestamp, "created_by" integer, "updated_by" integer) [0m
  [1m[35mSQL (0.9ms)[0m  INSERT INTO "schema_migrations" ("version") VALUES ($1)  [["version", "20140317221544"]]
  [1m[36m (0.7ms)[0m  [1mCOMMIT[0m
  [1m[35mActiveRecord::SchemaMigration Load (0.4ms)[0m  SELECT "schema_migrations".* FROM "schema_migrations"
  [1m[36m (115.5ms)[0m  [1mDROP DATABASE IF EXISTS "tribal_dummy_test"[0m
  [1m[35m (286.2ms)[0m  CREATE DATABASE "tribal_dummy_test" ENCODING = 'unicode'
  [1m[36mSQL (1.1ms)[0m  [1mCREATE EXTENSION IF NOT EXISTS "plpgsql"[0m
  [1m[35m (8.1ms)[0m  CREATE TABLE "tribal_parties" ("id" serial primary key, "party_type_id" integer, "created_at" timestamp, "updated_at" timestamp, "created_by" integer, "updated_by" integer) 
  [1m[36m (1.3ms)[0m  [1mCREATE TABLE "schema_migrations" ("version" character varying(255) NOT NULL) [0m
  [1m[35m (1.5ms)[0m  CREATE UNIQUE INDEX "unique_schema_migrations" ON "schema_migrations" ("version")
  [1m[36m (0.3ms)[0m  [1mSELECT version FROM "schema_migrations"[0m
  [1m[35m (0.6ms)[0m  INSERT INTO "schema_migrations" (version) VALUES ('20140317221544')
  [1m[36mActiveRecord::SchemaMigration Load (0.6ms)[0m  [1mSELECT "schema_migrations".* FROM "schema_migrations"[0m
Migrating to CreateTribalAddresses (20140317225549)
  [1m[35m (0.3ms)[0m  BEGIN
  [1m[36m (9.6ms)[0m  [1mCREATE TABLE "tribal_addresses" ("id" serial primary key, "party_id" integer, "type" character varying(255), "line1" character varying(255), "line2" character varying(255), "line3" character varying(255), "city" character varying(255), "state" character varying(255), "zip_code" character varying(255), "primary" boolean DEFAULT 'f', "active" boolean, "created_at" timestamp, "created_by" integer, "updated_at" timestamp) [0m
  [1m[35mSQL (0.8ms)[0m  INSERT INTO "schema_migrations" ("version") VALUES ($1)  [["version", "20140317225549"]]
  [1m[36m (1.1ms)[0m  [1mCOMMIT[0m
  [1m[35mActiveRecord::SchemaMigration Load (0.2ms)[0m  SELECT "schema_migrations".* FROM "schema_migrations"
  [1m[36m (5035.6ms)[0m  [1mDROP DATABASE IF EXISTS "tribal_dummy_test"[0m
PG::ObjectInUse: ERROR:  database "tribal_dummy_test" is being accessed by other users
DETAIL:  There is 1 other session using the database.
: DROP DATABASE IF EXISTS "tribal_dummy_test"
  [1m[36m (113.6ms)[0m  [1mDROP DATABASE IF EXISTS "tribal_dummy_test"[0m
  [1m[35m (284.2ms)[0m  CREATE DATABASE "tribal_dummy_test" ENCODING = 'unicode'
  [1m[36mSQL (1.1ms)[0m  [1mCREATE EXTENSION IF NOT EXISTS "plpgsql"[0m
  [1m[35m (9.5ms)[0m  CREATE TABLE "tribal_addresses" ("id" serial primary key, "party_id" integer, "type" character varying(255), "line1" character varying(255), "line2" character varying(255), "line3" character varying(255), "city" character varying(255), "state" character varying(255), "zip_code" character varying(255), "primary" boolean DEFAULT 'f', "active" boolean, "created_at" timestamp, "created_by" integer, "updated_at" timestamp) 
  [1m[36m (3.0ms)[0m  [1mCREATE TABLE "tribal_parties" ("id" serial primary key, "party_type_id" integer, "created_at" timestamp, "updated_at" timestamp, "created_by" integer, "updated_by" integer) [0m
  [1m[35m (1.0ms)[0m  CREATE TABLE "schema_migrations" ("version" character varying(255) NOT NULL) 
  [1m[36m (1.4ms)[0m  [1mCREATE UNIQUE INDEX "unique_schema_migrations" ON "schema_migrations" ("version")[0m
  [1m[35m (0.4ms)[0m  SELECT version FROM "schema_migrations"
  [1m[36m (0.5ms)[0m  [1mINSERT INTO "schema_migrations" (version) VALUES ('20140317225549')[0m
  [1m[35m (0.5ms)[0m  INSERT INTO "schema_migrations" (version) VALUES ('20140317221544')
  [1m[36m (3.2ms)[0m  [1mCREATE TABLE "schema_migrations" ("version" character varying(255) NOT NULL) [0m
  [1m[35m (1.6ms)[0m  CREATE UNIQUE INDEX "unique_schema_migrations" ON "schema_migrations" ("version")
  [1m[36mActiveRecord::SchemaMigration Load (0.6ms)[0m  [1mSELECT "schema_migrations".* FROM "schema_migrations"[0m
Migrating to CreateTribalParties (20140317221544)
  [1m[35m (0.2ms)[0m  BEGIN
  [1m[36m (3.6ms)[0m  [1mCREATE TABLE "tribal_parties" ("id" serial primary key, "party_type_id" integer, "created_at" timestamp, "updated_at" timestamp, "created_by" integer, "updated_by" integer) [0m
  [1m[35mSQL (1.2ms)[0m  INSERT INTO "schema_migrations" ("version") VALUES ($1)  [["version", "20140317221544"]]
  [1m[36m (0.4ms)[0m  [1mCOMMIT[0m
Migrating to CreateTribalAddresses (20140317225549)
  [1m[35m (0.2ms)[0m  BEGIN
  [1m[36m (4.7ms)[0m  [1mCREATE TABLE "tribal_addresses" ("id" serial primary key, "party_id" integer, "type" character varying(255), "line1" character varying(255), "line2" character varying(255), "line3" character varying(255), "city" character varying(255), "state" character varying(255), "zip_code" character varying(255), "primary" boolean DEFAULT 'f', "active" boolean, "created_by" integer, "modified_by" integer, "created_at" timestamp, "updated_at" timestamp) [0m
  [1m[35mSQL (0.3ms)[0m  INSERT INTO "schema_migrations" ("version") VALUES ($1)  [["version", "20140317225549"]]
  [1m[36m (0.5ms)[0m  [1mCOMMIT[0m
  [1m[35mActiveRecord::SchemaMigration Load (0.2ms)[0m  SELECT "schema_migrations".* FROM "schema_migrations"
  [1m[36m (108.0ms)[0m  [1mDROP DATABASE IF EXISTS "tribal_dummy_test"[0m
  [1m[35m (236.0ms)[0m  CREATE DATABASE "tribal_dummy_test" ENCODING = 'unicode'
  [1m[36mSQL (1.0ms)[0m  [1mCREATE EXTENSION IF NOT EXISTS "plpgsql"[0m
  [1m[35m (7.5ms)[0m  CREATE TABLE "tribal_addresses" ("id" serial primary key, "party_id" integer, "type" character varying(255), "line1" character varying(255), "line2" character varying(255), "line3" character varying(255), "city" character varying(255), "state" character varying(255), "zip_code" character varying(255), "primary" boolean DEFAULT 'f', "active" boolean, "created_by" integer, "modified_by" integer, "created_at" timestamp, "updated_at" timestamp) 
  [1m[36m (2.8ms)[0m  [1mCREATE TABLE "tribal_parties" ("id" serial primary key, "party_type_id" integer, "created_at" timestamp, "updated_at" timestamp, "created_by" integer, "updated_by" integer) [0m
  [1m[35m (1.1ms)[0m  CREATE TABLE "schema_migrations" ("version" character varying(255) NOT NULL) 
  [1m[36m (1.6ms)[0m  [1mCREATE UNIQUE INDEX "unique_schema_migrations" ON "schema_migrations" ("version")[0m
  [1m[35m (0.5ms)[0m  SELECT version FROM "schema_migrations"
  [1m[36m (0.7ms)[0m  [1mINSERT INTO "schema_migrations" (version) VALUES ('20140317225549')[0m
  [1m[35m (0.5ms)[0m  INSERT INTO "schema_migrations" (version) VALUES ('20140317221544')
  [1m[36mActiveRecord::SchemaMigration Load (0.6ms)[0m  [1mSELECT "schema_migrations".* FROM "schema_migrations"[0m
Migrating to CreateTribalPhones (20140319211843)
  [1m[35m (0.3ms)[0m  BEGIN
  [1m[36m (13.0ms)[0m  [1mCREATE TABLE "tribal_phones" ("id" serial primary key, "party_id" integer, "type" character varying(255), "raw_number" character varying(255), "raw_extension" character varying(255), "primary" boolean DEFAULT 'f', "active" boolean, "created_by" integer, "modified_by" integer, "created_at" timestamp, "updated_at" timestamp) [0m
  [1m[35mSQL (1.1ms)[0m  INSERT INTO "schema_migrations" ("version") VALUES ($1)  [["version", "20140319211843"]]
  [1m[36m (0.8ms)[0m  [1mCOMMIT[0m
  [1m[35mActiveRecord::SchemaMigration Load (0.3ms)[0m  SELECT "schema_migrations".* FROM "schema_migrations"
  [1m[36m (115.6ms)[0m  [1mDROP DATABASE IF EXISTS "tribal_dummy_test"[0m
  [1m[35m (273.0ms)[0m  CREATE DATABASE "tribal_dummy_test" ENCODING = 'unicode'
  [1m[36mSQL (1.3ms)[0m  [1mCREATE EXTENSION IF NOT EXISTS "plpgsql"[0m
  [1m[35m (7.5ms)[0m  CREATE TABLE "tribal_addresses" ("id" serial primary key, "party_id" integer, "type" character varying(255), "line1" character varying(255), "line2" character varying(255), "line3" character varying(255), "city" character varying(255), "state" character varying(255), "zip_code" character varying(255), "primary" boolean DEFAULT 'f', "active" boolean, "created_by" integer, "modified_by" integer, "created_at" timestamp, "updated_at" timestamp) 
  [1m[36m (2.8ms)[0m  [1mCREATE TABLE "tribal_parties" ("id" serial primary key, "party_type_id" integer, "created_at" timestamp, "updated_at" timestamp, "created_by" integer, "updated_by" integer) [0m
  [1m[35m (4.3ms)[0m  CREATE TABLE "tribal_phones" ("id" serial primary key, "party_id" integer, "type" character varying(255), "raw_number" character varying(255), "raw_extension" character varying(255), "primary" boolean DEFAULT 'f', "active" boolean, "created_by" integer, "modified_by" integer, "created_at" timestamp, "updated_at" timestamp) 
  [1m[36m (1.2ms)[0m  [1mCREATE TABLE "schema_migrations" ("version" character varying(255) NOT NULL) [0m
  [1m[35m (1.3ms)[0m  CREATE UNIQUE INDEX "unique_schema_migrations" ON "schema_migrations" ("version")
  [1m[36m (0.4ms)[0m  [1mSELECT version FROM "schema_migrations"[0m
  [1m[35m (0.5ms)[0m  INSERT INTO "schema_migrations" (version) VALUES ('20140319211843')
  [1m[36m (0.4ms)[0m  [1mINSERT INTO "schema_migrations" (version) VALUES ('20140317221544')[0m
  [1m[35m (0.4ms)[0m  INSERT INTO "schema_migrations" (version) VALUES ('20140317225549')
  [1m[36mActiveRecord::SchemaMigration Load (0.7ms)[0m  [1mSELECT "schema_migrations".* FROM "schema_migrations"[0m
Migrating to CreateTribalEmails (20140319215011)
  [1m[35m (0.3ms)[0m  BEGIN
  [1m[36m (5.5ms)[0m  [1mCREATE TABLE "tribal_emails" ("id" serial primary key, "email" character varying(126), "primary" boolean DEFAULT 'f', "active" boolean, "created_at" timestamp, "created_by" integer, "updated_at" timestamp) [0m
  [1m[35mSQL (0.8ms)[0m  INSERT INTO "schema_migrations" ("version") VALUES ($1)  [["version", "20140319215011"]]
  [1m[36m (0.8ms)[0m  [1mCOMMIT[0m
  [1m[35mActiveRecord::SchemaMigration Load (0.2ms)[0m  SELECT "schema_migrations".* FROM "schema_migrations"
  [1m[36m (117.5ms)[0m  [1mDROP DATABASE IF EXISTS "tribal_dummy_test"[0m
  [1m[35m (361.3ms)[0m  CREATE DATABASE "tribal_dummy_test" ENCODING = 'unicode'
  [1m[36mSQL (1.1ms)[0m  [1mCREATE EXTENSION IF NOT EXISTS "plpgsql"[0m
  [1m[35m (8.0ms)[0m  CREATE TABLE "tribal_addresses" ("id" serial primary key, "party_id" integer, "type" character varying(255), "line1" character varying(255), "line2" character varying(255), "line3" character varying(255), "city" character varying(255), "state" character varying(255), "zip_code" character varying(255), "primary" boolean DEFAULT 'f', "active" boolean, "created_by" integer, "modified_by" integer, "created_at" timestamp, "updated_at" timestamp) 
  [1m[36m (4.2ms)[0m  [1mCREATE TABLE "tribal_emails" ("id" serial primary key, "email" character varying(126), "primary" boolean DEFAULT 'f', "active" boolean, "created_at" timestamp, "created_by" integer, "updated_at" timestamp) [0m
  [1m[35m (3.1ms)[0m  CREATE TABLE "tribal_parties" ("id" serial primary key, "party_type_id" integer, "created_at" timestamp, "updated_at" timestamp, "created_by" integer, "updated_by" integer) 
  [1m[36m (4.5ms)[0m  [1mCREATE TABLE "tribal_phones" ("id" serial primary key, "party_id" integer, "type" character varying(255), "raw_number" character varying(255), "raw_extension" character varying(255), "primary" boolean DEFAULT 'f', "active" boolean, "created_by" integer, "modified_by" integer, "created_at" timestamp, "updated_at" timestamp) [0m
  [1m[35m (1.1ms)[0m  CREATE TABLE "schema_migrations" ("version" character varying(255) NOT NULL) 
  [1m[36m (1.3ms)[0m  [1mCREATE UNIQUE INDEX "unique_schema_migrations" ON "schema_migrations" ("version")[0m
  [1m[35m (0.4ms)[0m  SELECT version FROM "schema_migrations"
  [1m[36m (0.5ms)[0m  [1mINSERT INTO "schema_migrations" (version) VALUES ('20140319215011')[0m
  [1m[35m (0.4ms)[0m  INSERT INTO "schema_migrations" (version) VALUES ('20140317221544')
  [1m[36m (0.3ms)[0m  [1mINSERT INTO "schema_migrations" (version) VALUES ('20140317225549')[0m
  [1m[35m (0.3ms)[0m  INSERT INTO "schema_migrations" (version) VALUES ('20140319211843')
  [1m[36mActiveRecord::SchemaMigration Load (0.7ms)[0m  [1mSELECT "schema_migrations".* FROM "schema_migrations"[0m
Migrating to CreateTribalLanguages (20140320144458)
  [1m[35m (0.3ms)[0m  BEGIN
  [1m[36m (5.2ms)[0m  [1mCREATE TABLE "tribal_languages" ("id" serial primary key, "language" character varying(255), "active" boolean, "created_at" timestamp, "updated_at" timestamp, "created_by" integer, "updated_by" integer) [0m
  [1m[35mSQL (0.9ms)[0m  INSERT INTO "schema_migrations" ("version") VALUES ($1)  [["version", "20140320144458"]]
  [1m[36m (0.7ms)[0m  [1mCOMMIT[0m
  [1m[35mActiveRecord::SchemaMigration Load (0.2ms)[0m  SELECT "schema_migrations".* FROM "schema_migrations"
  [1m[36mActiveRecord::SchemaMigration Load (0.5ms)[0m  [1mSELECT "schema_migrations".* FROM "schema_migrations"[0m
  [1m[35mActiveRecord::SchemaMigration Load (0.2ms)[0m  SELECT "schema_migrations".* FROM "schema_migrations"
  [1m[36m (114.5ms)[0m  [1mDROP DATABASE IF EXISTS "tribal_dummy_test"[0m
  [1m[35m (410.8ms)[0m  CREATE DATABASE "tribal_dummy_test" ENCODING = 'unicode'
  [1m[36mSQL (1.1ms)[0m  [1mCREATE EXTENSION IF NOT EXISTS "plpgsql"[0m
  [1m[35m (7.5ms)[0m  CREATE TABLE "tribal_addresses" ("id" serial primary key, "party_id" integer, "type" character varying(255), "line1" character varying(255), "line2" character varying(255), "line3" character varying(255), "city" character varying(255), "state" character varying(255), "zip_code" character varying(255), "primary" boolean DEFAULT 'f', "active" boolean, "created_by" integer, "modified_by" integer, "created_at" timestamp, "updated_at" timestamp) 
  [1m[36m (3.2ms)[0m  [1mCREATE TABLE "tribal_emails" ("id" serial primary key, "email" character varying(126), "primary" boolean DEFAULT 'f', "active" boolean, "created_at" timestamp, "created_by" integer, "updated_at" timestamp) [0m
  [1m[35m (3.0ms)[0m  CREATE TABLE "tribal_languages" ("id" serial primary key, "language" character varying(255), "active" boolean, "created_at" timestamp, "updated_at" timestamp, "created_by" integer, "updated_by" integer) 
  [1m[36m (3.1ms)[0m  [1mCREATE TABLE "tribal_parties" ("id" serial primary key, "party_type_id" integer, "created_at" timestamp, "updated_at" timestamp, "created_by" integer, "updated_by" integer) [0m
  [1m[35m (4.3ms)[0m  CREATE TABLE "tribal_phones" ("id" serial primary key, "party_id" integer, "type" character varying(255), "raw_number" character varying(255), "raw_extension" character varying(255), "primary" boolean DEFAULT 'f', "active" boolean, "created_by" integer, "modified_by" integer, "created_at" timestamp, "updated_at" timestamp) 
  [1m[36m (1.3ms)[0m  [1mCREATE TABLE "schema_migrations" ("version" character varying(255) NOT NULL) [0m
  [1m[35m (1.3ms)[0m  CREATE UNIQUE INDEX "unique_schema_migrations" ON "schema_migrations" ("version")
  [1m[36m (0.5ms)[0m  [1mSELECT version FROM "schema_migrations"[0m
  [1m[35m (0.6ms)[0m  INSERT INTO "schema_migrations" (version) VALUES ('20140320144458')
  [1m[36m (0.3ms)[0m  [1mINSERT INTO "schema_migrations" (version) VALUES ('20140317221544')[0m
  [1m[35m (0.3ms)[0m  INSERT INTO "schema_migrations" (version) VALUES ('20140317225549')
  [1m[36m (0.3ms)[0m  [1mINSERT INTO "schema_migrations" (version) VALUES ('20140319211843')[0m
  [1m[35m (0.3ms)[0m  INSERT INTO "schema_migrations" (version) VALUES ('20140319215011')
